event=server_start pid=15836 port=43304
event=request_received command=health protocol_version=1
event=request_completed command=health success=1 detail=ok
event=request_received command=prepare_session protocol_version=1
event=request_completed command=prepare_session success=0 detail=ONNX Runtime session creation failed: Exception during initialization: E:\_work\1\s\onnxruntime\core\graph\graph_utils.cc:30 onnxruntime::graph_utils::GetIndexFromName itr != node_args.end() was false. Attempting to get index by a name which does not exist:InsertedPrecisionFreeCast_/model/encoder/blocks.0/norm1/Constant_output_0for node: /model/encoder/blocks.0/norm1/Mul/SimplifiedLayerNormFusion/

event=request_received command=health protocol_version=1
event=request_completed command=health success=1 detail=ok
event=request_received command=prepare_session protocol_version=1
event=request_completed command=prepare_session success=0 detail=ONNX Runtime session creation failed: Exception during initialization: E:\_work\1\s\onnxruntime\core\graph\graph_utils.cc:30 onnxruntime::graph_utils::GetIndexFromName itr != node_args.end() was false. Attempting to get index by a name which does not exist:InsertedPrecisionFreeCast_/model/encoder/blocks.0/norm1/Constant_output_0for node: /model/encoder/blocks.0/norm1/Mul/SimplifiedLayerNormFusion/

event=request_received command=health protocol_version=1
event=request_completed command=health success=1 detail=ok
event=request_received command=prepare_session protocol_version=1
event=request_completed command=prepare_session success=0 detail=ONNX Runtime session creation failed: Exception during initialization: E:\_work\1\s\onnxruntime\core\graph\graph_utils.cc:30 onnxruntime::graph_utils::GetIndexFromName itr != node_args.end() was false. Attempting to get index by a name which does not exist:InsertedPrecisionFreeCast_/model/encoder/blocks.0/norm1/Constant_output_0for node: /model/encoder/blocks.0/norm1/Mul/SimplifiedLayerNormFusion/

event=request_received command=health protocol_version=1
event=request_completed command=health success=1 detail=ok
event=request_received command=prepare_session protocol_version=1
event=request_completed command=prepare_session success=0 detail=ONNX Runtime session creation failed: Exception during initialization: E:\_work\1\s\onnxruntime\core\graph\graph_utils.cc:30 onnxruntime::graph_utils::GetIndexFromName itr != node_args.end() was false. Attempting to get index by a name which does not exist:InsertedPrecisionFreeCast_/model/encoder/blocks.0/norm1/Constant_output_0for node: /model/encoder/blocks.0/norm1/Mul/SimplifiedLayerNormFusion/

event=request_received command=health protocol_version=1
event=request_completed command=health success=1 detail=ok
event=request_received command=prepare_session protocol_version=1
event=request_completed command=prepare_session success=0 detail=ONNX Runtime session creation failed: Exception during initialization: E:\_work\1\s\onnxruntime\core\graph\graph_utils.cc:30 onnxruntime::graph_utils::GetIndexFromName itr != node_args.end() was false. Attempting to get index by a name which does not exist:InsertedPrecisionFreeCast_/model/encoder/blocks.0/norm1/Constant_output_0for node: /model/encoder/blocks.0/norm1/Mul/SimplifiedLayerNormFusion/

event=request_received command=health protocol_version=1
event=request_completed command=health success=1 detail=ok
event=request_received command=prepare_session protocol_version=1
event=request_completed command=prepare_session success=0 detail=ONNX Runtime session creation failed: Exception during initialization: E:\_work\1\s\onnxruntime\core\graph\graph_utils.cc:30 onnxruntime::graph_utils::GetIndexFromName itr != node_args.end() was false. Attempting to get index by a name which does not exist:InsertedPrecisionFreeCast_/model/encoder/blocks.0/norm1/Constant_output_0for node: /model/encoder/blocks.0/norm1/Mul/SimplifiedLayerNormFusion/

event=request_received command=health protocol_version=1
event=request_completed command=health success=1 detail=ok
event=request_received command=prepare_session protocol_version=1
event=request_completed command=prepare_session success=0 detail=ONNX Runtime session creation failed: Exception during initialization: E:\_work\1\s\onnxruntime\core\graph\graph_utils.cc:30 onnxruntime::graph_utils::GetIndexFromName itr != node_args.end() was false. Attempting to get index by a name which does not exist:InsertedPrecisionFreeCast_/model/encoder/blocks.0/norm1/Constant_output_0for node: /model/encoder/blocks.0/norm1/Mul/SimplifiedLayerNormFusion/

event=request_received command=health protocol_version=1
event=request_completed command=health success=1 detail=ok
event=request_received command=prepare_session protocol_version=1
event=request_completed command=prepare_session success=0 detail=ONNX Runtime session creation failed: Exception during initialization: E:\_work\1\s\onnxruntime\core\graph\graph_utils.cc:30 onnxruntime::graph_utils::GetIndexFromName itr != node_args.end() was false. Attempting to get index by a name which does not exist:InsertedPrecisionFreeCast_/model/encoder/blocks.0/norm1/Constant_output_0for node: /model/encoder/blocks.0/norm1/Mul/SimplifiedLayerNormFusion/

event=request_received command=health protocol_version=1
event=request_completed command=health success=1 detail=ok
event=request_received command=prepare_session protocol_version=1
event=request_completed command=prepare_session success=0 detail=ONNX Runtime session creation failed: Exception during initialization: E:\_work\1\s\onnxruntime\core\graph\graph_utils.cc:30 onnxruntime::graph_utils::GetIndexFromName itr != node_args.end() was false. Attempting to get index by a name which does not exist:InsertedPrecisionFreeCast_/model/encoder/blocks.0/norm1/Constant_output_0for node: /model/encoder/blocks.0/norm1/Mul/SimplifiedLayerNormFusion/

event=request_received command=health protocol_version=1
event=request_completed command=health success=1 detail=ok
event=request_received command=prepare_session protocol_version=1
event=request_completed command=prepare_session success=0 detail=ONNX Runtime session creation failed: Exception during initialization: E:\_work\1\s\onnxruntime\core\graph\graph_utils.cc:30 onnxruntime::graph_utils::GetIndexFromName itr != node_args.end() was false. Attempting to get index by a name which does not exist:InsertedPrecisionFreeCast_/model/encoder/blocks.0/norm1/Constant_output_0for node: /model/encoder/blocks.0/norm1/Mul/SimplifiedLayerNormFusion/

event=request_received command=health protocol_version=1
event=request_completed command=health success=1 detail=ok
event=request_received command=prepare_session protocol_version=1
event=request_completed command=prepare_session success=0 detail=ONNX Runtime session creation failed: Exception during initialization: E:\_work\1\s\onnxruntime\core\graph\graph_utils.cc:30 onnxruntime::graph_utils::GetIndexFromName itr != node_args.end() was false. Attempting to get index by a name which does not exist:InsertedPrecisionFreeCast_/model/encoder/blocks.0/norm1/Constant_output_0for node: /model/encoder/blocks.0/norm1/Mul/SimplifiedLayerNormFusion/

event=request_received command=health protocol_version=1
event=request_completed command=health success=1 detail=ok
event=request_received command=prepare_session protocol_version=1
event=request_completed command=prepare_session success=0 detail=ONNX Runtime session creation failed: Exception during initialization: E:\_work\1\s\onnxruntime\core\graph\graph_utils.cc:30 onnxruntime::graph_utils::GetIndexFromName itr != node_args.end() was false. Attempting to get index by a name which does not exist:InsertedPrecisionFreeCast_/model/encoder/blocks.0/norm1/Constant_output_0for node: /model/encoder/blocks.0/norm1/Mul/SimplifiedLayerNormFusion/

event=request_received command=health protocol_version=1
event=request_completed command=health success=1 detail=ok
event=request_received command=prepare_session protocol_version=1
event=request_completed command=prepare_session success=0 detail=ONNX Runtime session creation failed: Exception during initialization: E:\_work\1\s\onnxruntime\core\graph\graph_utils.cc:30 onnxruntime::graph_utils::GetIndexFromName itr != node_args.end() was false. Attempting to get index by a name which does not exist:InsertedPrecisionFreeCast_/model/encoder/blocks.0/norm1/Constant_output_0for node: /model/encoder/blocks.0/norm1/Mul/SimplifiedLayerNormFusion/

event=request_received command=health protocol_version=1
event=request_completed command=health success=1 detail=ok
event=request_received command=prepare_session protocol_version=1
event=request_completed command=prepare_session success=0 detail=ONNX Runtime session creation failed: Exception during initialization: E:\_work\1\s\onnxruntime\core\graph\graph_utils.cc:30 onnxruntime::graph_utils::GetIndexFromName itr != node_args.end() was false. Attempting to get index by a name which does not exist:InsertedPrecisionFreeCast_/model/encoder/blocks.0/norm1/Constant_output_0for node: /model/encoder/blocks.0/norm1/Mul/SimplifiedLayerNormFusion/

event=request_received command=health protocol_version=1
event=request_completed command=health success=1 detail=ok
event=request_received command=prepare_session protocol_version=1
event=request_completed command=prepare_session success=0 detail=ONNX Runtime session creation failed: Exception during initialization: E:\_work\1\s\onnxruntime\core\graph\graph_utils.cc:30 onnxruntime::graph_utils::GetIndexFromName itr != node_args.end() was false. Attempting to get index by a name which does not exist:InsertedPrecisionFreeCast_/model/encoder/blocks.0/norm1/Constant_output_0for node: /model/encoder/blocks.0/norm1/Mul/SimplifiedLayerNormFusion/

event=request_received command=health protocol_version=1
event=request_completed command=health success=1 detail=ok
event=request_received command=prepare_session protocol_version=1
event=request_completed command=prepare_session success=0 detail=ONNX Runtime session creation failed: Exception during initialization: E:\_work\1\s\onnxruntime\core\graph\graph_utils.cc:30 onnxruntime::graph_utils::GetIndexFromName itr != node_args.end() was false. Attempting to get index by a name which does not exist:InsertedPrecisionFreeCast_/model/encoder/blocks.0/norm1/Constant_output_0for node: /model/encoder/blocks.0/norm1/Mul/SimplifiedLayerNormFusion/

event=request_received command=health protocol_version=1
event=request_completed command=health success=1 detail=ok
event=request_received command=prepare_session protocol_version=1
event=request_completed command=prepare_session success=0 detail=ONNX Runtime session creation failed: Exception during initialization: E:\_work\1\s\onnxruntime\core\graph\graph_utils.cc:30 onnxruntime::graph_utils::GetIndexFromName itr != node_args.end() was false. Attempting to get index by a name which does not exist:InsertedPrecisionFreeCast_/model/encoder/blocks.0/norm1/Constant_output_0for node: /model/encoder/blocks.0/norm1/Mul/SimplifiedLayerNormFusion/

event=request_received command=health protocol_version=1
event=request_completed command=health success=1 detail=ok
event=request_received command=prepare_session protocol_version=1
event=request_completed command=prepare_session success=0 detail=ONNX Runtime session creation failed: Exception during initialization: E:\_work\1\s\onnxruntime\core\graph\graph_utils.cc:30 onnxruntime::graph_utils::GetIndexFromName itr != node_args.end() was false. Attempting to get index by a name which does not exist:InsertedPrecisionFreeCast_/model/encoder/blocks.0/norm1/Constant_output_0for node: /model/encoder/blocks.0/norm1/Mul/SimplifiedLayerNormFusion/

event=request_received command=health protocol_version=1
event=request_completed command=health success=1 detail=ok
event=request_received command=prepare_session protocol_version=1
event=request_completed command=prepare_session success=0 detail=ONNX Runtime session creation failed: Exception during initialization: E:\_work\1\s\onnxruntime\core\graph\graph_utils.cc:30 onnxruntime::graph_utils::GetIndexFromName itr != node_args.end() was false. Attempting to get index by a name which does not exist:InsertedPrecisionFreeCast_/model/encoder/blocks.0/norm1/Constant_output_0for node: /model/encoder/blocks.0/norm1/Mul/SimplifiedLayerNormFusion/

event=request_received command=health protocol_version=1
event=request_completed command=health success=1 detail=ok
event=request_received command=prepare_session protocol_version=1
event=request_completed command=prepare_session success=0 detail=ONNX Runtime session creation failed: Exception during initialization: E:\_work\1\s\onnxruntime\core\graph\graph_utils.cc:30 onnxruntime::graph_utils::GetIndexFromName itr != node_args.end() was false. Attempting to get index by a name which does not exist:InsertedPrecisionFreeCast_/model/encoder/blocks.0/norm1/Constant_output_0for node: /model/encoder/blocks.0/norm1/Mul/SimplifiedLayerNormFusion/

event=request_received command=health protocol_version=1
event=request_completed command=health success=1 detail=ok
event=request_received command=prepare_session protocol_version=1
event=request_completed command=prepare_session success=0 detail=ONNX Runtime session creation failed: Exception during initialization: E:\_work\1\s\onnxruntime\core\graph\graph_utils.cc:30 onnxruntime::graph_utils::GetIndexFromName itr != node_args.end() was false. Attempting to get index by a name which does not exist:InsertedPrecisionFreeCast_/model/encoder/blocks.0/norm1/Constant_output_0for node: /model/encoder/blocks.0/norm1/Mul/SimplifiedLayerNormFusion/

event=request_received command=health protocol_version=1
event=request_completed command=health success=1 detail=ok
event=request_received command=prepare_session protocol_version=1
event=request_completed command=prepare_session success=0 detail=ONNX Runtime session creation failed: Exception during initialization: E:\_work\1\s\onnxruntime\core\graph\graph_utils.cc:30 onnxruntime::graph_utils::GetIndexFromName itr != node_args.end() was false. Attempting to get index by a name which does not exist:InsertedPrecisionFreeCast_/model/encoder/blocks.0/norm1/Constant_output_0for node: /model/encoder/blocks.0/norm1/Mul/SimplifiedLayerNormFusion/

event=request_received command=health protocol_version=1
event=request_completed command=health success=1 detail=ok
event=request_received command=prepare_session protocol_version=1
event=request_completed command=prepare_session success=0 detail=ONNX Runtime session creation failed: Exception during initialization: E:\_work\1\s\onnxruntime\core\graph\graph_utils.cc:30 onnxruntime::graph_utils::GetIndexFromName itr != node_args.end() was false. Attempting to get index by a name which does not exist:InsertedPrecisionFreeCast_/model/encoder/blocks.0/norm1/Constant_output_0for node: /model/encoder/blocks.0/norm1/Mul/SimplifiedLayerNormFusion/

event=request_received command=health protocol_version=1
event=request_completed command=health success=1 detail=ok
event=request_received command=prepare_session protocol_version=1
event=request_completed command=prepare_session success=0 detail=ONNX Runtime session creation failed: Exception during initialization: E:\_work\1\s\onnxruntime\core\graph\graph_utils.cc:30 onnxruntime::graph_utils::GetIndexFromName itr != node_args.end() was false. Attempting to get index by a name which does not exist:InsertedPrecisionFreeCast_/model/encoder/blocks.0/norm1/Constant_output_0for node: /model/encoder/blocks.0/norm1/Mul/SimplifiedLayerNormFusion/

event=request_received command=health protocol_version=1
event=request_completed command=health success=1 detail=ok
event=request_received command=prepare_session protocol_version=1
event=request_completed command=prepare_session success=0 detail=ONNX Runtime session creation failed: Exception during initialization: E:\_work\1\s\onnxruntime\core\graph\graph_utils.cc:30 onnxruntime::graph_utils::GetIndexFromName itr != node_args.end() was false. Attempting to get index by a name which does not exist:InsertedPrecisionFreeCast_/model/encoder/blocks.0/norm1/Constant_output_0for node: /model/encoder/blocks.0/norm1/Mul/SimplifiedLayerNormFusion/

event=request_received command=health protocol_version=1
event=request_completed command=health success=1 detail=ok
event=request_received command=prepare_session protocol_version=1
event=request_completed command=prepare_session success=0 detail=ONNX Runtime session creation failed: Exception during initialization: E:\_work\1\s\onnxruntime\core\graph\graph_utils.cc:30 onnxruntime::graph_utils::GetIndexFromName itr != node_args.end() was false. Attempting to get index by a name which does not exist:InsertedPrecisionFreeCast_/model/encoder/blocks.0/norm1/Constant_output_0for node: /model/encoder/blocks.0/norm1/Mul/SimplifiedLayerNormFusion/

event=request_received command=health protocol_version=1
event=request_completed command=health success=1 detail=ok
event=request_received command=prepare_session protocol_version=1
event=request_completed command=prepare_session success=0 detail=ONNX Runtime session creation failed: Exception during initialization: E:\_work\1\s\onnxruntime\core\graph\graph_utils.cc:30 onnxruntime::graph_utils::GetIndexFromName itr != node_args.end() was false. Attempting to get index by a name which does not exist:InsertedPrecisionFreeCast_/model/encoder/blocks.0/norm1/Constant_output_0for node: /model/encoder/blocks.0/norm1/Mul/SimplifiedLayerNormFusion/

event=request_received command=health protocol_version=1
event=request_completed command=health success=1 detail=ok
event=request_received command=prepare_session protocol_version=1
event=request_completed command=prepare_session success=0 detail=ONNX Runtime session creation failed: Exception during initialization: E:\_work\1\s\onnxruntime\core\graph\graph_utils.cc:30 onnxruntime::graph_utils::GetIndexFromName itr != node_args.end() was false. Attempting to get index by a name which does not exist:InsertedPrecisionFreeCast_/model/encoder/blocks.0/norm1/Constant_output_0for node: /model/encoder/blocks.0/norm1/Mul/SimplifiedLayerNormFusion/

event=request_received command=health protocol_version=1
event=request_completed command=health success=1 detail=ok
event=request_received command=prepare_session protocol_version=1
event=request_completed command=prepare_session success=0 detail=ONNX Runtime session creation failed: Exception during initialization: E:\_work\1\s\onnxruntime\core\graph\graph_utils.cc:30 onnxruntime::graph_utils::GetIndexFromName itr != node_args.end() was false. Attempting to get index by a name which does not exist:InsertedPrecisionFreeCast_/model/encoder/blocks.0/norm1/Constant_output_0for node: /model/encoder/blocks.0/norm1/Mul/SimplifiedLayerNormFusion/

event=request_received command=health protocol_version=1
event=request_completed command=health success=1 detail=ok
event=request_received command=prepare_session protocol_version=1
event=request_completed command=prepare_session success=0 detail=ONNX Runtime session creation failed: Exception during initialization: E:\_work\1\s\onnxruntime\core\graph\graph_utils.cc:30 onnxruntime::graph_utils::GetIndexFromName itr != node_args.end() was false. Attempting to get index by a name which does not exist:InsertedPrecisionFreeCast_/model/encoder/blocks.0/norm1/Constant_output_0for node: /model/encoder/blocks.0/norm1/Mul/SimplifiedLayerNormFusion/

event=request_received command=health protocol_version=1
event=request_completed command=health success=1 detail=ok
event=request_received command=prepare_session protocol_version=1
event=request_completed command=prepare_session success=0 detail=ONNX Runtime session creation failed: Exception during initialization: E:\_work\1\s\onnxruntime\core\graph\graph_utils.cc:30 onnxruntime::graph_utils::GetIndexFromName itr != node_args.end() was false. Attempting to get index by a name which does not exist:InsertedPrecisionFreeCast_/model/encoder/blocks.0/norm1/Constant_output_0for node: /model/encoder/blocks.0/norm1/Mul/SimplifiedLayerNormFusion/

event=request_received command=health protocol_version=1
event=request_completed command=health success=1 detail=ok
event=request_received command=prepare_session protocol_version=1
event=request_completed command=prepare_session success=0 detail=ONNX Runtime session creation failed: Exception during initialization: E:\_work\1\s\onnxruntime\core\graph\graph_utils.cc:30 onnxruntime::graph_utils::GetIndexFromName itr != node_args.end() was false. Attempting to get index by a name which does not exist:InsertedPrecisionFreeCast_/model/encoder/blocks.0/norm1/Constant_output_0for node: /model/encoder/blocks.0/norm1/Mul/SimplifiedLayerNormFusion/

event=request_received command=health protocol_version=1
event=request_completed command=health success=1 detail=ok
event=request_received command=prepare_session protocol_version=1
event=request_completed command=prepare_session success=0 detail=ONNX Runtime session creation failed: Exception during initialization: E:\_work\1\s\onnxruntime\core\graph\graph_utils.cc:30 onnxruntime::graph_utils::GetIndexFromName itr != node_args.end() was false. Attempting to get index by a name which does not exist:InsertedPrecisionFreeCast_/model/encoder/blocks.0/norm1/Constant_output_0for node: /model/encoder/blocks.0/norm1/Mul/SimplifiedLayerNormFusion/

event=request_received command=health protocol_version=1
event=request_completed command=health success=1 detail=ok
event=request_received command=prepare_session protocol_version=1
event=request_completed command=prepare_session success=0 detail=ONNX Runtime session creation failed: Exception during initialization: E:\_work\1\s\onnxruntime\core\graph\graph_utils.cc:30 onnxruntime::graph_utils::GetIndexFromName itr != node_args.end() was false. Attempting to get index by a name which does not exist:InsertedPrecisionFreeCast_/model/encoder/blocks.0/norm1/Constant_output_0for node: /model/encoder/blocks.0/norm1/Mul/SimplifiedLayerNormFusion/

event=request_received command=health protocol_version=1
event=request_completed command=health success=1 detail=ok
event=request_received command=prepare_session protocol_version=1
event=request_completed command=prepare_session success=0 detail=ONNX Runtime session creation failed: Exception during initialization: E:\_work\1\s\onnxruntime\core\graph\graph_utils.cc:30 onnxruntime::graph_utils::GetIndexFromName itr != node_args.end() was false. Attempting to get index by a name which does not exist:InsertedPrecisionFreeCast_/model/encoder/blocks.0/norm1/Constant_output_0for node: /model/encoder/blocks.0/norm1/Mul/SimplifiedLayerNormFusion/

event=request_received command=health protocol_version=1
event=request_completed command=health success=1 detail=ok
event=request_received command=prepare_session protocol_version=1
event=request_completed command=prepare_session success=0 detail=ONNX Runtime session creation failed: Exception during initialization: E:\_work\1\s\onnxruntime\core\graph\graph_utils.cc:30 onnxruntime::graph_utils::GetIndexFromName itr != node_args.end() was false. Attempting to get index by a name which does not exist:InsertedPrecisionFreeCast_/model/encoder/blocks.0/norm1/Constant_output_0for node: /model/encoder/blocks.0/norm1/Mul/SimplifiedLayerNormFusion/

event=request_received command=health protocol_version=1
event=request_completed command=health success=1 detail=ok
event=request_received command=prepare_session protocol_version=1
event=request_completed command=prepare_session success=0 detail=ONNX Runtime session creation failed: Exception during initialization: E:\_work\1\s\onnxruntime\core\graph\graph_utils.cc:30 onnxruntime::graph_utils::GetIndexFromName itr != node_args.end() was false. Attempting to get index by a name which does not exist:InsertedPrecisionFreeCast_/model/encoder/blocks.0/norm1/Constant_output_0for node: /model/encoder/blocks.0/norm1/Mul/SimplifiedLayerNormFusion/

event=request_received command=health protocol_version=1
event=request_completed command=health success=1 detail=ok
event=request_received command=prepare_session protocol_version=1
event=request_completed command=prepare_session success=0 detail=ONNX Runtime session creation failed: Exception during initialization: E:\_work\1\s\onnxruntime\core\graph\graph_utils.cc:30 onnxruntime::graph_utils::GetIndexFromName itr != node_args.end() was false. Attempting to get index by a name which does not exist:InsertedPrecisionFreeCast_/model/encoder/blocks.0/norm1/Constant_output_0for node: /model/encoder/blocks.0/norm1/Mul/SimplifiedLayerNormFusion/

event=request_received command=health protocol_version=1
event=request_completed command=health success=1 detail=ok
event=request_received command=prepare_session protocol_version=1
event=request_completed command=prepare_session success=0 detail=ONNX Runtime session creation failed: Exception during initialization: E:\_work\1\s\onnxruntime\core\graph\graph_utils.cc:30 onnxruntime::graph_utils::GetIndexFromName itr != node_args.end() was false. Attempting to get index by a name which does not exist:InsertedPrecisionFreeCast_/model/encoder/blocks.0/norm1/Constant_output_0for node: /model/encoder/blocks.0/norm1/Mul/SimplifiedLayerNormFusion/

event=request_received command=health protocol_version=1
event=request_completed command=health success=1 detail=ok
event=request_received command=prepare_session protocol_version=1
event=request_completed command=prepare_session success=0 detail=ONNX Runtime session creation failed: Exception during initialization: E:\_work\1\s\onnxruntime\core\graph\graph_utils.cc:30 onnxruntime::graph_utils::GetIndexFromName itr != node_args.end() was false. Attempting to get index by a name which does not exist:InsertedPrecisionFreeCast_/model/encoder/blocks.0/norm1/Constant_output_0for node: /model/encoder/blocks.0/norm1/Mul/SimplifiedLayerNormFusion/

event=request_received command=health protocol_version=1
event=request_completed command=health success=1 detail=ok
event=request_received command=prepare_session protocol_version=1
event=request_completed command=prepare_session success=0 detail=ONNX Runtime session creation failed: Exception during initialization: E:\_work\1\s\onnxruntime\core\graph\graph_utils.cc:30 onnxruntime::graph_utils::GetIndexFromName itr != node_args.end() was false. Attempting to get index by a name which does not exist:InsertedPrecisionFreeCast_/model/encoder/blocks.0/norm1/Constant_output_0for node: /model/encoder/blocks.0/norm1/Mul/SimplifiedLayerNormFusion/

event=request_received command=health protocol_version=1
event=request_completed command=health success=1 detail=ok
event=request_received command=prepare_session protocol_version=1
event=request_completed command=prepare_session success=0 detail=ONNX Runtime session creation failed: Exception during initialization: E:\_work\1\s\onnxruntime\core\graph\graph_utils.cc:30 onnxruntime::graph_utils::GetIndexFromName itr != node_args.end() was false. Attempting to get index by a name which does not exist:InsertedPrecisionFreeCast_/model/encoder/blocks.0/norm1/Constant_output_0for node: /model/encoder/blocks.0/norm1/Mul/SimplifiedLayerNormFusion/

event=request_received command=health protocol_version=1
event=request_completed command=health success=1 detail=ok
event=request_received command=prepare_session protocol_version=1
event=request_completed command=prepare_session success=0 detail=ONNX Runtime session creation failed: Exception during initialization: E:\_work\1\s\onnxruntime\core\graph\graph_utils.cc:30 onnxruntime::graph_utils::GetIndexFromName itr != node_args.end() was false. Attempting to get index by a name which does not exist:InsertedPrecisionFreeCast_/model/encoder/blocks.0/norm1/Constant_output_0for node: /model/encoder/blocks.0/norm1/Mul/SimplifiedLayerNormFusion/

event=request_received command=health protocol_version=1
event=request_completed command=health success=1 detail=ok
event=request_received command=prepare_session protocol_version=1
event=request_completed command=prepare_session success=0 detail=ONNX Runtime session creation failed: Exception during initialization: E:\_work\1\s\onnxruntime\core\graph\graph_utils.cc:30 onnxruntime::graph_utils::GetIndexFromName itr != node_args.end() was false. Attempting to get index by a name which does not exist:InsertedPrecisionFreeCast_/model/encoder/blocks.0/norm1/Constant_output_0for node: /model/encoder/blocks.0/norm1/Mul/SimplifiedLayerNormFusion/

event=request_received command=health protocol_version=1
event=request_completed command=health success=1 detail=ok
event=request_received command=prepare_session protocol_version=1
event=request_completed command=prepare_session success=0 detail=ONNX Runtime session creation failed: Exception during initialization: E:\_work\1\s\onnxruntime\core\graph\graph_utils.cc:30 onnxruntime::graph_utils::GetIndexFromName itr != node_args.end() was false. Attempting to get index by a name which does not exist:InsertedPrecisionFreeCast_/model/encoder/blocks.0/norm1/Constant_output_0for node: /model/encoder/blocks.0/norm1/Mul/SimplifiedLayerNormFusion/

event=request_received command=health protocol_version=1
event=request_completed command=health success=1 detail=ok
event=request_received command=prepare_session protocol_version=1
event=request_completed command=prepare_session success=0 detail=ONNX Runtime session creation failed: Exception during initialization: E:\_work\1\s\onnxruntime\core\graph\graph_utils.cc:30 onnxruntime::graph_utils::GetIndexFromName itr != node_args.end() was false. Attempting to get index by a name which does not exist:InsertedPrecisionFreeCast_/model/encoder/blocks.0/norm1/Constant_output_0for node: /model/encoder/blocks.0/norm1/Mul/SimplifiedLayerNormFusion/

event=request_received command=health protocol_version=1
event=request_completed command=health success=1 detail=ok
event=request_received command=prepare_session protocol_version=1
event=request_completed command=prepare_session success=0 detail=ONNX Runtime session creation failed: Exception during initialization: E:\_work\1\s\onnxruntime\core\graph\graph_utils.cc:30 onnxruntime::graph_utils::GetIndexFromName itr != node_args.end() was false. Attempting to get index by a name which does not exist:InsertedPrecisionFreeCast_/model/encoder/blocks.0/norm1/Constant_output_0for node: /model/encoder/blocks.0/norm1/Mul/SimplifiedLayerNormFusion/

